0 info it worked if it ends with ok
1 verbose cli [ 'C:\\Program Files\\nodejs\\node.exe',
1 verbose cli   'C:\\Program Files\\nodejs\\node_modules\\npm\\bin\\npm-cli.js',
1 verbose cli   'install',
1 verbose cli   '-g',
1 verbose cli   'cordove',
1 verbose cli   'ionic' ]
2 info using npm@2.14.7
3 info using node@v4.2.1
4 verbose install initial load of C:\Users\karthik.an\AppData\Roaming\npm\package.json
5 verbose readDependencies loading dependencies from C:\Users\karthik.an\AppData\Roaming\npm\package.json
6 silly cache add args [ 'cordove', null ]
7 verbose cache add spec cordove
8 silly cache add args [ 'ionic', null ]
9 verbose cache add spec ionic
10 silly cache add parsed spec Result {
10 silly cache add   raw: 'cordove',
10 silly cache add   scope: null,
10 silly cache add   name: 'cordove',
10 silly cache add   rawSpec: '',
10 silly cache add   spec: '*',
10 silly cache add   type: 'range' }
11 silly addNamed cordove@*
12 verbose addNamed "*" is a valid semver range for cordove
13 silly addNameRange { name: 'cordove', range: '*', hasData: false }
14 silly mapToRegistry name cordove
15 silly mapToRegistry using default registry
16 silly mapToRegistry registry https://registry.npmjs.org/
17 silly mapToRegistry uri https://registry.npmjs.org/cordove
18 verbose addNameRange registry:https://registry.npmjs.org/cordove not in flight; fetching
19 silly cache add parsed spec Result {
19 silly cache add   raw: 'ionic',
19 silly cache add   scope: null,
19 silly cache add   name: 'ionic',
19 silly cache add   rawSpec: '',
19 silly cache add   spec: '*',
19 silly cache add   type: 'range' }
20 silly addNamed ionic@*
21 verbose addNamed "*" is a valid semver range for ionic
22 silly addNameRange { name: 'ionic', range: '*', hasData: false }
23 silly mapToRegistry name ionic
24 silly mapToRegistry using default registry
25 silly mapToRegistry registry https://registry.npmjs.org/
26 silly mapToRegistry uri https://registry.npmjs.org/ionic
27 verbose addNameRange registry:https://registry.npmjs.org/ionic not in flight; fetching
28 verbose request uri https://registry.npmjs.org/cordove
29 verbose request no auth needed
30 info attempt registry request try #1 at 12:24:41 PM
31 verbose request id 3134e6406d20d8a6
32 http request GET https://registry.npmjs.org/cordove
33 verbose request uri https://registry.npmjs.org/ionic
34 verbose request no auth needed
35 info attempt registry request try #1 at 12:24:41 PM
36 verbose etag "7F6QII55NWTSUNMKTM0IFAXM3"
37 http request GET https://registry.npmjs.org/ionic
38 http 404 https://registry.npmjs.org/cordove
39 verbose headers { 'content-type': 'application/json',
39 verbose headers   'cache-control': 'max-age=0',
39 verbose headers   'content-length': '2',
39 verbose headers   'accept-ranges': 'bytes',
39 verbose headers   date: 'Thu, 15 Oct 2015 06:54:36 GMT',
39 verbose headers   via: '1.1 varnish',
39 verbose headers   age: '0',
39 verbose headers   connection: 'keep-alive',
39 verbose headers   'x-served-by': 'cache-sin6920-SIN',
39 verbose headers   'x-cache': 'MISS',
39 verbose headers   'x-cache-hits': '0',
39 verbose headers   'x-timer': 'S1444892076.056759,VS0,VE860' }
40 silly get cb [ 404,
40 silly get   { 'content-type': 'application/json',
40 silly get     'cache-control': 'max-age=0',
40 silly get     'content-length': '2',
40 silly get     'accept-ranges': 'bytes',
40 silly get     date: 'Thu, 15 Oct 2015 06:54:36 GMT',
40 silly get     via: '1.1 varnish',
40 silly get     age: '0',
40 silly get     connection: 'keep-alive',
40 silly get     'x-served-by': 'cache-sin6920-SIN',
40 silly get     'x-cache': 'MISS',
40 silly get     'x-cache-hits': '0',
40 silly get     'x-timer': 'S1444892076.056759,VS0,VE860' } ]
41 http 200 https://registry.npmjs.org/ionic
42 verbose headers { server: 'CouchDB/1.5.0 (Erlang OTP/R16B03)',
42 verbose headers   etag: '"9P2T1O8743HQS0A5DH9P5THXJ"',
42 verbose headers   'content-type': 'application/json',
42 verbose headers   'cache-control': 'max-age=60',
42 verbose headers   'content-length': '518590',
42 verbose headers   'accept-ranges': 'bytes',
42 verbose headers   date: 'Thu, 15 Oct 2015 06:54:35 GMT',
42 verbose headers   via: '1.1 varnish',
42 verbose headers   age: '33',
42 verbose headers   connection: 'keep-alive',
42 verbose headers   'x-served-by': 'cache-sin6920-SIN',
42 verbose headers   'x-cache': 'HIT',
42 verbose headers   'x-cache-hits': '1',
42 verbose headers   'x-timer': 'S1444892075.903975,VS0,VE1',
42 verbose headers   vary: 'Accept' }
43 silly get cb [ 200,
43 silly get   { server: 'CouchDB/1.5.0 (Erlang OTP/R16B03)',
43 silly get     etag: '"9P2T1O8743HQS0A5DH9P5THXJ"',
43 silly get     'content-type': 'application/json',
43 silly get     'cache-control': 'max-age=60',
43 silly get     'content-length': '518590',
43 silly get     'accept-ranges': 'bytes',
43 silly get     date: 'Thu, 15 Oct 2015 06:54:35 GMT',
43 silly get     via: '1.1 varnish',
43 silly get     age: '33',
43 silly get     connection: 'keep-alive',
43 silly get     'x-served-by': 'cache-sin6920-SIN',
43 silly get     'x-cache': 'HIT',
43 silly get     'x-cache-hits': '1',
43 silly get     'x-timer': 'S1444892075.903975,VS0,VE1',
43 silly get     vary: 'Accept' } ]
44 verbose get saving ionic to C:\Users\karthik.an\AppData\Roaming\npm-cache\registry.npmjs.org\ionic\.cache.json
45 silly addNameRange number 2 { name: 'ionic', range: '*', hasData: true }
46 silly addNameRange versions [ 'ionic',
46 silly addNameRange   [ '0.9.6',
46 silly addNameRange     '0.9.8',
46 silly addNameRange     '0.9.9',
46 silly addNameRange     '0.9.10',
46 silly addNameRange     '0.9.11',
46 silly addNameRange     '0.9.12',
46 silly addNameRange     '0.9.13',
46 silly addNameRange     '0.9.14',
46 silly addNameRange     '0.9.15',
46 silly addNameRange     '0.9.16',
46 silly addNameRange     '1.0.0-beta.1',
46 silly addNameRange     '1.0.0-beta',
46 silly addNameRange     '1.0.1-beta',
46 silly addNameRange     '1.0.3-beta',
46 silly addNameRange     '1.0.4',
46 silly addNameRange     '1.0.5',
46 silly addNameRange     '1.0.6',
46 silly addNameRange     '1.0.7',
46 silly addNameRange     '1.0.8',
46 silly addNameRange     '1.0.9',
46 silly addNameRange     '1.0.10',
46 silly addNameRange     '1.0.11',
46 silly addNameRange     '1.0.12',
46 silly addNameRange     '1.0.13',
46 silly addNameRange     '1.0.14',
46 silly addNameRange     '1.0.15',
46 silly addNameRange     '1.0.16',
46 silly addNameRange     '1.0.17',
46 silly addNameRange     '1.1.0-beta1',
46 silly addNameRange     '1.1.0-beta2',
46 silly addNameRange     '1.1.0-beta3',
46 silly addNameRange     '1.1.0-beta4',
46 silly addNameRange     '1.1.0-beta5',
46 silly addNameRange     '1.1.0-beta6',
46 silly addNameRange     '1.1.0',
46 silly addNameRange     '1.1.1-beta1',
46 silly addNameRange     '1.1.1-beta2',
46 silly addNameRange     '1.1.1-beta3',
46 silly addNameRange     '1.1.1',
46 silly addNameRange     '1.1.3',
46 silly addNameRange     '1.1.4',
46 silly addNameRange     '1.1.5-beta1',
46 silly addNameRange     '1.1.5-beta2',
46 silly addNameRange     '1.1.5-beta3',
46 silly addNameRange     '1.1.5-beta4',
46 silly addNameRange     '1.1.5-beta5',
46 silly addNameRange     '1.1.5',
46 silly addNameRange     '1.1.6',
46 silly addNameRange     '1.1.7-beta1',
46 silly addNameRange     '1.1.7',
46 silly addNameRange     '1.1.8-beta1',
46 silly addNameRange     '1.1.8-beta2',
46 silly addNameRange     '1.1.8-beta3',
46 silly addNameRange     '1.1.8-beta4',
46 silly addNameRange     '1.1.8-beta5',
46 silly addNameRange     '1.1.8',
46 silly addNameRange     '1.1.9-beta1',
46 silly addNameRange     '1.1.9',
46 silly addNameRange     '1.1.10',
46 silly addNameRange     '1.1.11-beta1',
46 silly addNameRange     '1.1.11-beta2',
46 silly addNameRange     '1.1.11',
46 silly addNameRange     '1.1.12-beta1',
46 silly addNameRange     '1.1.12-beta2',
46 silly addNameRange     '1.1.12-beta3',
46 silly addNameRange     '1.1.12',
46 silly addNameRange     '1.1.13',
46 silly addNameRange     '1.1.14-beta1',
46 silly addNameRange     '1.1.14-beta2',
46 silly addNameRange     '1.1.14-beta3',
46 silly addNameRange     '1.2.0-beta1',
46 silly addNameRange     '1.2.0',
46 silly addNameRange     '1.2.1-beta1',
46 silly addNameRange     '1.2.1-beta2',
46 silly addNameRange     '1.2.1-beta3',
46 silly addNameRange     '1.2.1-beta4',
46 silly addNameRange     '1.2.1',
46 silly addNameRange     '1.2.2',
46 silly addNameRange     '1.2.3-beta1',
46 silly addNameRange     '1.2.3-beta2',
46 silly addNameRange     '1.2.3-beta3',
46 silly addNameRange     '1.2.3',
46 silly addNameRange     '1.2.4-beta1',
46 silly addNameRange     '1.2.4-beta2',
46 silly addNameRange     '1.2.4-beta3',
46 silly addNameRange     '1.2.4',
46 silly addNameRange     '1.2.5-beta1',
46 silly addNameRange     '1.2.5-beta2',
46 silly addNameRange     '1.2.5-beta3',
46 silly addNameRange     '1.2.5',
46 silly addNameRange     '1.2.6-beta1',
46 silly addNameRange     '1.2.6-beta2',
46 silly addNameRange     '1.2.6-beta3',
46 silly addNameRange     '1.2.6',
46 silly addNameRange     '1.2.7',
46 silly addNameRange     '1.2.8-beta1',
46 silly addNameRange     '1.2.8-beta2',
46 silly addNameRange     '1.2.8',
46 silly addNameRange     '1.2.9',
46 silly addNameRange     '1.2.10',
46 silly addNameRange     '1.2.11',
46 silly addNameRange     '1.2.12',
46 silly addNameRange     '1.2.13',
46 silly addNameRange     '1.2.14-beta1',
46 silly addNameRange     '1.2.14-beta2',
46 silly addNameRange     '1.2.14-beta3',
46 silly addNameRange     '1.2.14-beta4',
46 silly addNameRange     '1.2.14-beta5',
46 silly addNameRange     '1.2.14-beta6',
46 silly addNameRange     '1.2.14',
46 silly addNameRange     '1.3.0-beta1',
46 silly addNameRange     '1.3.0',
46 silly addNameRange     '1.3.1',
46 silly addNameRange     '1.3.2',
46 silly addNameRange     '1.3.3',
46 silly addNameRange     '1.3.4',
46 silly addNameRange     '1.3.5',
46 silly addNameRange     '1.3.6',
46 silly addNameRange     '1.3.7',
46 silly addNameRange     '1.3.8',
46 silly addNameRange     '1.3.9',
46 silly addNameRange     '1.3.10',
46 silly addNameRange     '1.4.0-alpha.1',
46 silly addNameRange     '1.3.11',
46 silly addNameRange     '1.3.1-1.alpha.0',
46 silly addNameRange     '1.4.0-alpha.2',
46 silly addNameRange     '1.3.12',
46 silly addNameRange     '1.3.12-beta.1',
46 silly addNameRange     '1.3.12-beta.2',
46 silly addNameRange     '1.3.13-beta.0',
46 silly addNameRange     '1.3.1-3.beta.1',
46 silly addNameRange     '1.3.1-3.beta.2',
46 silly addNameRange     '1.3.13',
46 silly addNameRange     '1.3.1-3.beta.4',
46 silly addNameRange     '1.3.14-beta',
46 silly addNameRange     '1.3.14-beta.1',
46 silly addNameRange     '1.4.0-alpha.3',
46 silly addNameRange     '1.3.14',
46 silly addNameRange     '1.4.0-alpha.4',
46 silly addNameRange     '1.4.0-alpha.5',
46 silly addNameRange     '1.3.15-beta.0',
46 silly addNameRange     '1.3.15-beta.1',
46 silly addNameRange     '1.3.15-beta.2',
46 silly addNameRange     '1.3.15-beta.3',
46 silly addNameRange     '1.3.15-beta.4',
46 silly addNameRange     '1.3.15',
46 silly addNameRange     '1.3.16',
46 silly addNameRange     '1.4.0-alpha.6',
46 silly addNameRange     '1.3.17-beta.0',
46 silly addNameRange     '1.3.17-beta.1',
46 silly addNameRange     '1.3.17-beta.2',
46 silly addNameRange     '1.3.17-beta.3',
46 silly addNameRange     '1.3.1-7.beta.4',
46 silly addNameRange     '1.3.17',
46 silly addNameRange     '1.3.18-beta.0',
46 silly addNameRange     '1.3.18-beta.1',
46 silly addNameRange     '1.3.18-beta.2',
46 silly addNameRange     '1.3.18-beta.3',
46 silly addNameRange     '1.3.18',
46 silly addNameRange     '1.3.19-beta.0',
46 silly addNameRange     '1.3.19-beta.1',
46 silly addNameRange     '1.3.19-beta.2',
46 silly addNameRange     '1.3.19-beta.3',
46 silly addNameRange     '1.3.19-beta.4',
46 silly addNameRange     '1.3.19',
46 silly addNameRange     '1.3.20',
46 silly addNameRange     '1.4.1-beta.0',
46 silly addNameRange     '1.4.0-beta.1',
46 silly addNameRange     '1.4.0-beta.2',
46 silly addNameRange     '1.4.0-beta.3',
46 silly addNameRange     '1.4.0-beta.5',
46 silly addNameRange     '1.4.0-beta.6',
46 silly addNameRange     '1.4.0-beta.7',
46 silly addNameRange     '1.3.21-beta.0',
46 silly addNameRange     '1.3.21-beta.1',
46 silly addNameRange     '1.3.21',
46 silly addNameRange     '1.3.22',
46 silly addNameRange     '1.4.0-beta.8',
46 silly addNameRange     '1.4.0-beta.9',
46 silly addNameRange     '1.4.0-beta.10',
46 silly addNameRange     '1.4.0-beta.11',
46 silly addNameRange     '1.4.0-beta.12',
46 silly addNameRange     '1.4.0-beta.13',
46 silly addNameRange     '1.4.0-beta.14',
46 silly addNameRange     '1.4.0-beta.15',
46 silly addNameRange     '1.4.0-beta.16',
46 silly addNameRange     '1.4.0-beta.17',
46 silly addNameRange     '1.4.0-beta.18',
46 silly addNameRange     '1.4.0',
46 silly addNameRange     '1.4.1',
46 silly addNameRange     '1.4.2',
46 silly addNameRange     '1.4.3',
46 silly addNameRange     '1.4.4-beta.0',
46 silly addNameRange     '1.4.4-beta.2',
46 silly addNameRange     '1.4.4',
46 silly addNameRange     '1.4.5-beta.0',
46 silly addNameRange     '1.4.5-beta.1',
46 silly addNameRange     '1.4.5-beta.2',
46 silly addNameRange     '1.4.5-beta.3',
46 silly addNameRange     '1.4.5',
46 silly addNameRange     '1.4.6-beta.0',
46 silly addNameRange     '1.4.6',
46 silly addNameRange     '1.4.7',
46 silly addNameRange     '1.4.8',
46 silly addNameRange     '1.5.0-beta.0',
46 silly addNameRange     '1.5.0-beta.1',
46 silly addNameRange     '1.5.0',
46 silly addNameRange     '1.5.1-beta.0',
46 silly addNameRange     '1.5.1-beta.1',
46 silly addNameRange     '1.5.1-beta.2',
46 silly addNameRange     '1.5.1-beta.3',
46 silly addNameRange     '1.5.1-beta.4',
46 silly addNameRange     '1.5.1',
46 silly addNameRange     '1.5.2',
46 silly addNameRange     '1.5.3',
46 silly addNameRange     '1.5.4',
46 silly addNameRange     '1.5.5',
46 silly addNameRange     '1.6.0-beta.1',
46 silly addNameRange     '1.6.0',
46 silly addNameRange     '1.6.1',
46 silly addNameRange     '1.6.2-beta.0',
46 silly addNameRange     '1.6.2-beta.1',
46 silly addNameRange     '1.6.2-beta.2',
46 silly addNameRange     '1.6.2',
46 silly addNameRange     '1.6.3-beta.0',
46 silly addNameRange     '1.6.3-beta.1',
46 silly addNameRange     '1.6.3',
46 silly addNameRange     '1.6.4-beta.0',
46 silly addNameRange     '1.6.4-beta.1',
46 silly addNameRange     '1.6.4',
46 silly addNameRange     '1.7.0-beta.0',
46 silly addNameRange     '1.7.0-beta.1',
46 silly addNameRange     '1.7.0-beta.2',
46 silly addNameRange     '1.7.0-beta.3',
46 silly addNameRange     '2.0.0-alpha.1',
46 silly addNameRange     '2.0.0-alpha.3',
46 silly addNameRange     '1.7.0-beta.4',
46 silly addNameRange     '1.6.5-testing.0',
46 silly addNameRange     '1.6.5-testing.1',
46 silly addNameRange     '1.6.5-testing.2',
46 silly addNameRange     '1.6.5-testing.3',
46 silly addNameRange     '1.6.5',
46 silly addNameRange     '2.0.0-alpha.4',
46 silly addNameRange     '1.7.0-beta.5',
46 silly addNameRange     '1.7.0-beta.6',
46 silly addNameRange     '1.7.0',
46 silly addNameRange     '2.0.0-alpha.5',
46 silly addNameRange     '2.0.0-alpha.6',
46 silly addNameRange     '1.7.1' ] ]
47 silly addNamed ionic@1.7.1
48 verbose addNamed "1.7.1" is a plain semver version for ionic
49 silly mapToRegistry name ionic
50 silly mapToRegistry using default registry
51 silly mapToRegistry registry https://registry.npmjs.org/
52 silly mapToRegistry uri https://registry.npmjs.org/ionic
53 verbose addRemoteTarball https://registry.npmjs.org/ionic/-/ionic-1.7.1.tgz not in flight; adding
54 verbose addRemoteTarball [ 'https://registry.npmjs.org/ionic/-/ionic-1.7.1.tgz',
54 verbose addRemoteTarball   '8ff2bf486a52b6bc03a3777ad3b4612a4e6218f6' ]
55 info retry fetch attempt 1 at 12:25:15 PM
56 info attempt registry request try #1 at 12:25:15 PM
57 http fetch GET https://registry.npmjs.org/ionic/-/ionic-1.7.1.tgz
58 http fetch 200 https://registry.npmjs.org/ionic/-/ionic-1.7.1.tgz
59 silly fetchAndShaCheck shasum 8ff2bf486a52b6bc03a3777ad3b4612a4e6218f6
60 verbose addTmpTarball C:\Users\karthik.an\AppData\Local\Temp\npm-3412-e478ff0a\registry.npmjs.org\ionic\-\ionic-1.7.1.tgz not in flight; adding
61 verbose addTmpTarball already have metadata; skipping unpack for ionic@1.7.1
62 silly cache afterAdd ionic@1.7.1
63 verbose afterAdd C:\Users\karthik.an\AppData\Roaming\npm-cache\ionic\1.7.1\package\package.json not in flight; writing
64 verbose afterAdd C:\Users\karthik.an\AppData\Roaming\npm-cache\ionic\1.7.1\package\package.json written
65 verbose stack Error: Registry returned 404 for GET on https://registry.npmjs.org/cordove
65 verbose stack     at makeError (C:\Program Files\nodejs\node_modules\npm\node_modules\npm-registry-client\lib\request.js:264:12)
65 verbose stack     at CachingRegistryClient.<anonymous> (C:\Program Files\nodejs\node_modules\npm\node_modules\npm-registry-client\lib\request.js:242:14)
65 verbose stack     at Request._callback (C:\Program Files\nodejs\node_modules\npm\node_modules\npm-registry-client\lib\request.js:172:14)
65 verbose stack     at Request.self.callback (C:\Program Files\nodejs\node_modules\npm\node_modules\request\request.js:198:22)
65 verbose stack     at emitTwo (events.js:87:13)
65 verbose stack     at Request.emit (events.js:172:7)
65 verbose stack     at Request.<anonymous> (C:\Program Files\nodejs\node_modules\npm\node_modules\request\request.js:1063:14)
65 verbose stack     at emitOne (events.js:82:20)
65 verbose stack     at Request.emit (events.js:169:7)
65 verbose stack     at IncomingMessage.<anonymous> (C:\Program Files\nodejs\node_modules\npm\node_modules\request\request.js:1009:12)
66 verbose statusCode 404
67 verbose pkgid cordove
68 verbose cwd C:\Users\karthik.an\Documents\GitHub\modspace
69 error Windows_NT 6.3.9600
70 error argv "C:\\Program Files\\nodejs\\node.exe" "C:\\Program Files\\nodejs\\node_modules\\npm\\bin\\npm-cli.js" "install" "-g" "cordove" "ionic"
71 error node v4.2.1
72 error npm  v2.14.7
73 error code E404
74 error 404 Registry returned 404 for GET on https://registry.npmjs.org/cordove
74 error 404
74 error 404 'cordove' is not in the npm registry.
74 error 404 You should bug the author to publish it (or use the name yourself!)
74 error 404
74 error 404 Note that you can also install from a
74 error 404 tarball, folder, http url, or git url.
75 verbose exit [ 1, true ]
